No GPU on this node, CUDA module not loaded
Using 16 processes for dynamic parallel execution of 50 buildings
Finished with 16 processes in 72.45 seconds
Elapsed times: [9.642549054231495, 15.954806867986917, 21.842195717152208, 22.648761269636452, 7.5219690799713135, 13.280087769031525, 4.2683553961105645, 10.96589909400791, 4.104799000080675, 17.363711937796324, 23.78845759201795, 22.383626555092633, 22.762877181638032, 24.594639353919774, 10.881023802328855, 10.20316447224468, 11.105567266233265, 22.370869492646307, 21.63372649019584, 22.902752838097513, 4.093105879146606, 23.12725589517504, 23.453675110358745, 8.248544114641845, 4.869668527040631, 4.871992420870811, 4.424625962972641, 8.02904083719477, 10.588098751846701, 4.900187827181071, 16.225305586121976, 14.988711604848504, 13.805874336976558, 7.480493394192308, 6.443497644271702, 7.103918022010475, 6.444146488327533, 6.533967673778534, 39.19691438600421, 40.525029609911144, 41.61009981902316, 43.29332298273221, 14.340626168996096, 25.47707836283371, 27.218932077288628, 25.268762480001897, 27.444747682660818, 26.620181711856276, 26.71271685976535, 26.405313518829644]
Wall times: [72.45439468324184]

------------------------------------------------------------
Sender: LSF System <lsfadmin@hpc.dtu.dk>
Subject: Job 28202186: <parallelize> in cluster <dcc> Done

Job <parallelize> was submitted from host <n-62-27-22> by user <s214744> in cluster <dcc> at Tue Apr 14 10:13:15 2026
Job was executed on host(s) <16*n-62-12-7>, in queue <hpc>, as user <s214744> in cluster <dcc> at Tue Apr 14 10:13:15 2026
</zhome/7a/4/168521> was used as the home directory.
</zhome/7a/4/168521/Desktop/HPC - 02613/02613_Wall-Heating_Group101/tasks/task6> was used as the working directory.
Started at Tue Apr 14 10:13:15 2026
Terminated at Tue Apr 14 10:14:30 2026
Results reported at Tue Apr 14 10:14:30 2026

Your job looked like:

------------------------------------------------------------
# LSBATCH: User input
#!/bin/bash
#BSUB -J parallelize
#BSUB -q hpc
#BSUB -n 16
#BSUB -W 24:00
#BSUB -R "span[hosts=1]"
#BSUB -R "select[model==XeonGold6226R]"
#BSUB -R "rusage[mem=300MB]" # Roughly 300MB used 
#BSUB -oo parallel_times_%J.out
#BSUB -eo parallel_times_%J.err

source /dtu/projects/02613_2025/conda/conda_init.sh
conda activate 02613

export PYTHONPATH="$PWD:$PYTHONPATH"
python -u parallelize.py 16 50

------------------------------------------------------------

Successfully completed.

Resource usage summary:

    CPU time :                                   860.27 sec.
    Max Memory :                                 267 MB
    Average Memory :                             178.33 MB
    Total Requested Memory :                     4800.00 MB
    Delta Memory :                               4533.00 MB
    Max Swap :                                   -
    Max Processes :                              20
    Max Threads :                                24
    Run time :                                   75 sec.
    Turnaround time :                            75 sec.

The output (if any) is above this job summary.



PS:

Read file <parallel_times_28202186.err> for stderr output of this job.

