N = 10 buildings
Elapsed: 24.47 s
Per building: 2.45 s
Estimated total (4571 buildings): 3.1 hours

------------------------------------------------------------
Sender: LSF System <lsfadmin@hpc.dtu.dk>
Subject: Job 28310347: <cupy_jacobi> in cluster <dcc> Done

Job <cupy_jacobi> was submitted from host <n-62-30-7> by user <s204749> in cluster <dcc> at Tue Apr 28 10:11:43 2026
Job was executed on host(s) <4*n-62-18-13>, in queue <c02613>, as user <s204749> in cluster <dcc> at Tue Apr 28 10:11:44 2026
</zhome/40/7/155683> was used as the home directory.
</zhome/40/7/155683/HPC-mini-project-101> was used as the working directory.
Started at Tue Apr 28 10:11:44 2026
Terminated at Tue Apr 28 10:12:12 2026
Results reported at Tue Apr 28 10:12:12 2026

Your job looked like:

------------------------------------------------------------
# LSBATCH: User input
#!/bin/bash
#BSUB -J cupy_jacobi
#BSUB -q c02613
#BSUB -n 4
#BSUB -R "span[hosts=1]"
#BSUB -R "rusage[mem=8GB]"
#BSUB -gpu "num=1:mode=exclusive_process"
#BSUB -W 00:30
#BSUB -o tasks/task9/cupy_jacobi_%J.out
#BSUB -e tasks/task9/cupy_jacobi_%J.err

source /dtu/projects/02613_2025/conda/conda_init.sh
conda activate 02613_2026

export PYTHONPATH="$PWD:$PYTHONPATH"
python -u tasks/task9/simulate_cupy.py 10

------------------------------------------------------------

Successfully completed.

Resource usage summary:

    CPU time :                                   24.39 sec.
    Max Memory :                                 123 MB
    Average Memory :                             82.33 MB
    Total Requested Memory :                     32768.00 MB
    Delta Memory :                               32645.00 MB
    Max Swap :                                   -
    Max Processes :                              4
    Max Threads :                                10
    Run time :                                   28 sec.
    Turnaround time :                            29 sec.

The output (if any) is above this job summary.



PS:

Read file <tasks/task9/cupy_jacobi_28310347.err> for stderr output of this job.

