No GPU on this node, CUDA module not loaded
--- Running with 12 processes (dynamic scheduling) ---

N = 4571 buildings
Elapsed: 1677.65 s
Per building: 0.37 s
Estimated total (4571 buildings): 0.5 hours

------------------------------------------------------------
Sender: LSF System <lsfadmin@hpc.dtu.dk>
Subject: Job 28193368: <mini_process> in cluster <dcc> Done

Job <mini_process> was submitted from host <n-62-9-40> by user <s213935> in cluster <dcc> at Sun Apr 12 19:52:01 2026
Job was executed on host(s) <12*n-62-31-23>, in queue <hpc>, as user <s213935> in cluster <dcc> at Sun Apr 12 19:52:03 2026
</zhome/15/6/166811> was used as the home directory.
</zhome/15/6/166811/Documents/02613_Wall-Heating_Group101> was used as the working directory.
Started at Sun Apr 12 19:52:03 2026
Terminated at Sun Apr 12 20:20:03 2026
Results reported at Sun Apr 12 20:20:03 2026

Your job looked like:

------------------------------------------------------------
# LSBATCH: User input
#!/bin/bash
#BSUB -J mini_process
#BSUB -q hpc
#BSUB -n 12
#BSUB -W 00:45
#BSUB -R "span[hosts=1]"
#BSUB -R "select[model==XeonGold6126]"
#BSUB -R "rusage[mem=150MB]"
#BSUB -o tasks/task12/process_floorplans_%J.out
#BSUB -e tasks/task12/process_floorplans_%J.err

source /dtu/projects/02613_2025/conda/conda_init.sh
conda activate 02613_2026

export PYTHONPATH="$PWD:$PYTHONPATH"

python -u tasks/task12/process_floorplans.py 12 4571

------------------------------------------------------------

Successfully completed.

Resource usage summary:

    CPU time :                                   20041.17 sec.
    Max Memory :                                 713 MB
    Average Memory :                             690.64 MB
    Total Requested Memory :                     1800.00 MB
    Delta Memory :                               1087.00 MB
    Max Swap :                                   -
    Max Processes :                              16
    Max Threads :                                20
    Run time :                                   1680 sec.
    Turnaround time :                            1682 sec.

The output (if any) is above this job summary.



PS:

Read file <tasks/task12/process_floorplans_28193368.err> for stderr output of this job.

