No GPU on this node, CUDA module not loaded
--- Running with 18 processes (dynamic scheduling) ---

N = 360 buildings
Elapsed: 89.85 s
Per building: 0.25 s
Estimated total (4571 buildings): 0.3 hours

------------------------------------------------------------
Sender: LSF System <lsfadmin@hpc.dtu.dk>
Subject: Job 28193366: <mini_JIT_parallel> in cluster <dcc> Done

Job <mini_JIT_parallel> was submitted from host <n-62-9-40> by user <s213935> in cluster <dcc> at Sun Apr 12 19:48:28 2026
Job was executed on host(s) <18*n-62-31-19>, in queue <hpc>, as user <s213935> in cluster <dcc> at Sun Apr 12 21:21:08 2026
</zhome/15/6/166811> was used as the home directory.
</zhome/15/6/166811/Documents/02613_Wall-Heating_Group101> was used as the working directory.
Started at Sun Apr 12 21:21:08 2026
Terminated at Sun Apr 12 21:22:42 2026
Results reported at Sun Apr 12 21:22:42 2026

Your job looked like:

------------------------------------------------------------
# LSBATCH: User input
#!/bin/bash
#BSUB -J mini_JIT_parallel
#BSUB -q hpc
#BSUB -n 18
#BSUB -W 00:30
#BSUB -R "span[hosts=1]"
#BSUB -R "select[model==XeonGold6126]"
#BSUB -R "rusage[mem=150MB]"
#BSUB -o tasks/task11/timing_JIT_parallel_%J.out
#BSUB -e tasks/task11/timing_JIT_parallel_%J.err

source /dtu/projects/02613_2025/conda/conda_init.sh
conda activate 02613_2026

export PYTHONPATH="$PWD:$PYTHONPATH"

python -u tasks/task11/timing_JIT_parallel.py 18 360

------------------------------------------------------------

Successfully completed.

Resource usage summary:

    CPU time :                                   1576.09 sec.
    Max Memory :                                 982 MB
    Average Memory :                             982.00 MB
    Total Requested Memory :                     2700.00 MB
    Delta Memory :                               1718.00 MB
    Max Swap :                                   -
    Max Processes :                              22
    Max Threads :                                26
    Run time :                                   94 sec.
    Turnaround time :                            5654 sec.

The output (if any) is above this job summary.



PS:

Read file <tasks/task11/timing_JIT_parallel_28193366.err> for stderr output of this job.

