No GPU on this node, CUDA module not loaded
--- Running with 4 processes ---
Worker times: [19.629960627062246, 29.543339892057702, 15.550994087010622, 25.787035560933873]
Total elapsed: 29.59 s

N = 40 buildings
Elapsed: 29.59 s
Per building: 0.74 s
Estimated total (4571 buildings): 0.9 hours

------------------------------------------------------------
Sender: LSF System <lsfadmin@hpc.dtu.dk>
Subject: Job 28190054: <mini_JIT_parallel> in cluster <dcc> Done

Job <mini_JIT_parallel> was submitted from host <n-62-30-1> by user <s213935> in cluster <dcc> at Sat Apr 11 18:33:28 2026
Job was executed on host(s) <4*n-62-31-13>, in queue <hpc>, as user <s213935> in cluster <dcc> at Sat Apr 11 18:33:29 2026
</zhome/15/6/166811> was used as the home directory.
</zhome/15/6/166811/Documents/02613_Wall-Heating_Group101> was used as the working directory.
Started at Sat Apr 11 18:33:29 2026
Terminated at Sat Apr 11 18:34:01 2026
Results reported at Sat Apr 11 18:34:01 2026

Your job looked like:

------------------------------------------------------------
# LSBATCH: User input
#!/bin/bash
#BSUB -J mini_JIT_parallel
#BSUB -q hpc
#BSUB -n 4
#BSUB -W 00:30
#BSUB -R "span[hosts=1]"
#BSUB -R "select[model==XeonGold6126]"
#BSUB -R "rusage[mem=1GB]"
#BSUB -o tasks/task11/timing_JIT_parallel_%J.out
#BSUB -e tasks/task11/timing_JIT_parallel_%J.err

source /dtu/projects/02613_2025/conda/conda_init.sh
conda activate 02613_2026

export PYTHONPATH="$PWD:$PYTHONPATH"

python -u tasks/task11/timing_JIT_parallel.py 4 40

------------------------------------------------------------

Successfully completed.

Resource usage summary:

    CPU time :                                   92.33 sec.
    Max Memory :                                 281 MB
    Average Memory :                             281.00 MB
    Total Requested Memory :                     4096.00 MB
    Delta Memory :                               3815.00 MB
    Max Swap :                                   -
    Max Processes :                              8
    Max Threads :                                12
    Run time :                                   32 sec.
    Turnaround time :                            33 sec.

The output (if any) is above this job summary.



PS:

Read file <tasks/task11/timing_JIT_parallel_28190054.err> for stderr output of this job.

