No GPU on this node, CUDA module not loaded
--- Running with 18 processes ---
Worker times: [63.088743589119986, 54.451119164936244, 84.65060328692198, 76.26313659804873, 74.62171975104138, 74.20207227999344, 50.97988527501002, 61.109400138957426, 70.79869805788621, 65.83194120507687, 95.76096131280065, 85.5065797471907, 89.61602726904675, 80.40760312299244, 67.74539859802462, 58.206270307069644, 71.94594710110687, 59.699787518940866]
Total elapsed: 95.87 s

N = 360 buildings
Elapsed: 95.87 s
Per building: 0.27 s
Estimated total (4571 buildings): 0.3 hours

------------------------------------------------------------
Sender: LSF System <lsfadmin@hpc.dtu.dk>
Subject: Job 28193163: <mini_JIT_parallel> in cluster <dcc> Done

Job <mini_JIT_parallel> was submitted from host <n-62-27-22> by user <s213935> in cluster <dcc> at Sun Apr 12 18:02:13 2026
Job was executed on host(s) <18*n-62-31-7>, in queue <hpc>, as user <s213935> in cluster <dcc> at Sun Apr 12 18:02:13 2026
</zhome/15/6/166811> was used as the home directory.
</zhome/15/6/166811/Documents/02613_Wall-Heating_Group101> was used as the working directory.
Started at Sun Apr 12 18:02:13 2026
Terminated at Sun Apr 12 18:03:52 2026
Results reported at Sun Apr 12 18:03:52 2026

Your job looked like:

------------------------------------------------------------
# LSBATCH: User input
#!/bin/bash
#BSUB -J mini_JIT_parallel
#BSUB -q hpc
#BSUB -n 18
#BSUB -W 00:30
#BSUB -R "span[hosts=1]"
#BSUB -R "select[model==XeonGold6126]"
#BSUB -R "rusage[mem=150MB]"
#BSUB -o tasks/task11/timing_JIT_parallel_%J.out
#BSUB -e tasks/task11/timing_JIT_parallel_%J.err

source /dtu/projects/02613_2025/conda/conda_init.sh
conda activate 02613_2026

export PYTHONPATH="$PWD:$PYTHONPATH"

python -u tasks/task11/timing_JIT_parallel.py 18 360

------------------------------------------------------------

Successfully completed.

Resource usage summary:

    CPU time :                                   1283.04 sec.
    Max Memory :                                 1041 MB
    Average Memory :                             1041.00 MB
    Total Requested Memory :                     2700.00 MB
    Delta Memory :                               1659.00 MB
    Max Swap :                                   -
    Max Processes :                              22
    Max Threads :                                26
    Run time :                                   99 sec.
    Turnaround time :                            99 sec.

The output (if any) is above this job summary.



PS:

Read file <tasks/task11/timing_JIT_parallel_28193163.err> for stderr output of this job.

